
> magnetar-quill@0.10.3 build-lib
> ng build lib-magnetar-quill

Building Angular Package

------------------------------------------------------------------------------
Building entry point 'magnetar-quill'
------------------------------------------------------------------------------

------------------------------------------------------------------------------
Built Angular Package
- from: /home/edward/Development/MagnetarQuill/projects/lib-magnetar-quill
- to:   /home/edward/Development/MagnetarQuill/dist/lib-magnetar-quill
------------------------------------------------------------------------------

Build at: 2026-07-09T07:13:54.967Z - Time: 1289ms

- Compiling with Angular sources in partial compilation mode.
✔ Compiling with Angular sources in partial compilation mode.
- Writing FESM and DTS bundles
✔ Writing FESM and DTS bundles
- Copying assets
✔ Copying assets
- Writing package manifest
✔ Writing package manifest
✔ Built magnetar-quill
